
> lms-edtech-platform@0.1.0 build
> next build

node.exe : ΓÜá 
Warning: Next.js 
inferred your 
workspace root, but it 
may not be correct.
At line:1 char:1
+ & "C:\Program 
Files\nodejs/node.exe" 
"C:\Program 
Files\nodejs/node_mo 
...
+ ~~~~~~~~~~~~~~~~~~~~~
~~~~~~~~~~~~~~~~~~~~~~~
~~~~~~~~~~~~~~~~~~~~~~~
~~
    + CategoryInfo     
         : NotSpecifi  
  ed: (ΓÜá Warning:    
 Ne...not be correc    
t.:String) [], Rem    
oteException
    + FullyQualifiedEr 
   rorId : NativeComm  
  andError
 
 We detected multiple 
lockfiles and selected 
the directory of C:\Use
rs\84923\package-lock.j
son as the root 
directory.
 To silence this 
warning, set 
`turbopack.root` in 
your Next.js config, 
or consider removing 
one of the lockfiles 
if it's not needed.
   See https://nextjs.o
rg/docs/app/api-referen
ce/config/next-config-j
s/turbopack#root-direct
ory for more 
information.
 Detected additional 
lockfiles: 
   * C:\Users\84923\One
Drive\M├íy t├¡nh\lms-ed
tech-platform\package-l
ock.json

Γû▓ Next.js 16.1.6 (Turbopack)
- Environments: .env.local

ΓÜá The "middleware" 
file convention is 
deprecated. Please use 
"proxy" instead. Learn 
more: https://nextjs.or
g/docs/messages/middlew
are-to-proxy
  Creating an optimized production build ...

> Build error occurred
Error: Turbopack build 
failed with 1 errors:
./OneDrive/M├íy t├¡nh/l
ms-edtech-platform/app/
(dashboard)/teacher/cla
sses/[id]/content/[item
Id]/edit/EditContentCli
ent.tsx:9:1
Module not found: 
Can't resolve '@/compon
ents/ui/switch'
[0m [90m  7 |[39m 
[36mimport[39m { 
[33mTextarea[39m } 
[36mfrom[39m [32m"@/
components/ui/textarea"
[39m[33m;[39m
 [90m  8 |[39m 
[36mimport[39m { 
[33mLabel[39m } 
[36mfrom[39m [32m"@/
components/ui/label"[3
9m[33m;[39m
[31m[1m>[22m[39m[9
0m  9 |[39m 
[36mimport[39m { 
[33mSwitch[39m } 
[36mfrom[39m [32m"@/
components/ui/switch"[
39m[33m;[39m
 [90m    |[39m [31m
[1m^[22m[39m[31m[1m
^[22m[39m[31m[1m^[
22m[39m[31m[1m^[22m
[39m[31m[1m^[22m[3
9m[31m[1m^[22m[39m
[31m[1m^[22m[39m[31
m[1m^[22m[39m[31m[
1m^[22m[39m[31m[1m^
[22m[39m[31m[1m^[2
2m[39m[31m[1m^[22m
[39m[31m[1m^[22m[39
m[31m[1m^[22m[39m[
31m[1m^[22m[39m[31m
[1m^[22m[39m[31m[1
m^[22m[39m[31m[1m^
[22m[39m[31m[1m^[22
m[39m[31m[1m^[22m[
39m[31m[1m^[22m[39m
[31m[1m^[22m[39m[3
1m[1m^[22m[39m[31m
[1m^[22m[39m[31m[1m
^[22m[39m[31m[1m^[
22m[39m[31m[1m^[22m
[39m[31m[1m^[22m[3
9m[31m[1m^[22m[39m
[31m[1m^[22m[39m[31
m[1m^[22m[39m[31m[
1m^[22m[39m[31m[1m^
[22m[39m[31m[1m^[2
2m[39m[31m[1m^[22m
[39m[31m[1m^[22m[39
m[31m[1m^[22m[39m[
31m[1m^[22m[39m[31m
[1m^[22m[39m[31m[1
m^[22m[39m[31m[1m^
[22m[39m[31m[1m^[22
m[39m[31m[1m^[22m[
39m[31m[1m^[22m[39m
[31m[1m^[22m[39m[3
1m[1m^[22m[39m[31m
[1m^[22m[39m[31m[1m
^[22m[39m
 [90m 10 |[39m 
[36mimport[39m { 
toast } [36mfrom[39m 
[32m"sonner"[39m[33m
;[39m
 [90m 11 |[39m 
[36mimport[39m { [33
mSave[39m[33m,[39m 
[33mLink[39m 
[36mas[39m [33mLinkI
con[39m[33m,[39m [3
3mFileText[39m[33m,[
39m [33mVideo[39m[33
m,[39m [33mMic[39m[
33m,[39m 
[33mYoutube[39m } 
[36mfrom[39m [32m"lu
cide-react"[39m[33m;
[39m
 [90m 12 |[39m 
[36mimport[39m { 
useRouter } 
[36mfrom[39m [32m"ne
xt/navigation"[39m[33
m;[39m[0m

Import map: aliased to 
relative './components/
ui/switch' inside of [p
roject]/OneDrive/M├íy t
├¡nh/lms-edtech-platfor
m


Import trace:
  Server Component:
    ./OneDrive/M├íy t├¡
nh/lms-edtech-platform/
app/(dashboard)/teacher
/classes/[id]/content/[
itemId]/edit/EditConten
tClient.tsx
    ./OneDrive/M├íy t├¡
nh/lms-edtech-platform/
app/(dashboard)/teacher
/classes/[id]/content/[
itemId]/edit/page.tsx

https://nextjs.org/docs
/messages/module-not-fo
und


    at <unknown> 
(./OneDrive/M├íy t├¡nh/
lms-edtech-platform/app
/(dashboard)/teacher/cl
asses/[id]/content/[ite
mId]/edit/EditContentCl
ient.tsx:9:1)
    at <unknown> (https
://nextjs.org/docs/mess
ages/module-not-found)
